  Animation.cpp
  Bullet.cpp
  Config.cpp
  ContentManagement.cpp
  Engine.cpp
  Entity.cpp
  Font.cpp
  Game.cpp
  GameManager.cpp
  Helper.cpp
  Input.cpp
  main.cpp
  MainScene.cpp
  MenuScene.cpp
  Mouse.cpp
  MoveEntity.cpp
  Physic.cpp
  Player.cpp
  Renderer.cpp
  Text.cpp
  Code wird generiert...
  Kompilieren...
  Texture.cpp
  TexturedEntity.cpp
  TextureManagement.cpp
  Time.cpp
  Timer.cpp
  World.cpp
  Code wird generiert...
  Ant Wars.vcxproj -> M:\Portfolio\Ant Wars\Build\bin\x86\Debug\Ant Wars.exe
  M:\Portfolio\Ant Wars\Library\SDL2\lib\x86\._SDL2.dll
  M:\Portfolio\Ant Wars\Library\SDL2\lib\x86\SDL2.dll
  2 Datei(en) kopiert
  M:\Portfolio\Ant Wars\Library\SDL2_image\lib\x86\._libjpeg-9.dll
  M:\Portfolio\Ant Wars\Library\SDL2_image\lib\x86\._libpng16-16.dll
  M:\Portfolio\Ant Wars\Library\SDL2_image\lib\x86\._libtiff-5.dll
  M:\Portfolio\Ant Wars\Library\SDL2_image\lib\x86\._libwebp-7.dll
  M:\Portfolio\Ant Wars\Library\SDL2_image\lib\x86\._SDL2_image.dll
  M:\Portfolio\Ant Wars\Library\SDL2_image\lib\x86\._zlib1.dll
  M:\Portfolio\Ant Wars\Library\SDL2_image\lib\x86\libjpeg-9.dll
  M:\Portfolio\Ant Wars\Library\SDL2_image\lib\x86\libpng16-16.dll
  M:\Portfolio\Ant Wars\Library\SDL2_image\lib\x86\libtiff-5.dll
  M:\Portfolio\Ant Wars\Library\SDL2_image\lib\x86\libwebp-7.dll
  M:\Portfolio\Ant Wars\Library\SDL2_image\lib\x86\SDL2_image.dll
  M:\Portfolio\Ant Wars\Library\SDL2_image\lib\x86\zlib1.dll
  12 Datei(en) kopiert
  M:\Portfolio\Ant Wars\Library\SDL2_ttf\lib\x86\._libfreetype-6.dll
  M:\Portfolio\Ant Wars\Library\SDL2_ttf\lib\x86\._SDL2_ttf.dll
  M:\Portfolio\Ant Wars\Library\SDL2_ttf\lib\x86\._zlib1.dll
  M:\Portfolio\Ant Wars\Library\SDL2_ttf\lib\x86\libfreetype-6.dll
  M:\Portfolio\Ant Wars\Library\SDL2_ttf\lib\x86\SDL2_ttf.dll
  M:\Portfolio\Ant Wars\Library\SDL2_ttf\lib\x86\zlib1.dll
  6 Datei(en) kopiert
  M:\Portfolio\Ant Wars\Library\SDL2_mixer\lib\x86\._libFLAC-8.dll
  M:\Portfolio\Ant Wars\Library\SDL2_mixer\lib\x86\._libmodplug-1.dll
  M:\Portfolio\Ant Wars\Library\SDL2_mixer\lib\x86\._libmpg123-0.dll
  M:\Portfolio\Ant Wars\Library\SDL2_mixer\lib\x86\._libogg-0.dll
  M:\Portfolio\Ant Wars\Library\SDL2_mixer\lib\x86\._libvorbis-0.dll
  M:\Portfolio\Ant Wars\Library\SDL2_mixer\lib\x86\._libvorbisfile-3.dll
  M:\Portfolio\Ant Wars\Library\SDL2_mixer\lib\x86\._SDL2_mixer.dll
  M:\Portfolio\Ant Wars\Library\SDL2_mixer\lib\x86\libFLAC-8.dll
  M:\Portfolio\Ant Wars\Library\SDL2_mixer\lib\x86\libmodplug-1.dll
  M:\Portfolio\Ant Wars\Library\SDL2_mixer\lib\x86\libmpg123-0.dll
  M:\Portfolio\Ant Wars\Library\SDL2_mixer\lib\x86\libogg-0.dll
  M:\Portfolio\Ant Wars\Library\SDL2_mixer\lib\x86\libvorbis-0.dll
  M:\Portfolio\Ant Wars\Library\SDL2_mixer\lib\x86\libvorbisfile-3.dll
  M:\Portfolio\Ant Wars\Library\SDL2_mixer\lib\x86\SDL2_mixer.dll
  14 Datei(en) kopiert
